==22812== Memcheck, a memory error detector
==22812== Copyright (C) 2002-2017, and GNU GPL'd, by Julian Seward et al.
==22812== Using Valgrind-3.18.1 and LibVEX; rerun with -h for copyright info
==22812== Command: ./a.out
==22812==

{ Null }
{ 10 }
{ 10, 10 }
{ 10 }
{ 10 }==22812==
==22812== HEAP SUMMARY:
==22812==     in use at exit: 99 bytes in 16 blocks
==22812==   total heap usage: 18 allocs, 2 frees, 1,139 bytes allocated
==22812==
==22812== LEAK SUMMARY:
==22812==    definitely lost: 99 bytes in 16 blocks
==22812==    indirectly lost: 0 bytes in 0 blocks
==22812==      possibly lost: 0 bytes in 0 blocks
==22812==    still reachable: 0 bytes in 0 blocks
==22812==         suppressed: 0 bytes in 0 blocks
==22812== Rerun with --leak-check=full to see details of leaked memory
==22812==
==22812== For lists of detected and suppressed errors, rerun with: -s
==22812== ERROR SUMMARY: 0 errors from 0 contexts (suppressed: 0 from 0)
